Log file open, 02/08/18 21:30:50
LogWindows: Failed to load 'aqProf.dll' (GetLastError=126)
LogWindows: File 'aqProf.dll' does not exist
LogWindows: Failed to load 'VtuneApi.dll' (GetLastError=126)
LogWindows: File 'VtuneApi.dll' does not exist
LogWindows: Failed to load 'VtuneApi32e.dll' (GetLastError=126)
LogWindows: File 'VtuneApi32e.dll' does not exist
LogInit: Display: Running engine for game: OnThinIce
LogPlatformFile: Not using cached read wrapper
LogInit: Display: RandInit(-2001949745) SRandInit(-2001949745).
LogTaskGraph: Started task graph with 5 named threads and 14 total threads with 3 sets of task threads.
LogStats: Stats thread started at 0.166772
LogD3D11RHI: Aftermath initialized
LogPluginManager: Mounting plugin Paper2D
LogPluginManager: Mounting plugin LightPropagationVolume
LogPluginManager: Mounting plugin CodeLiteSourceCodeAccess
LogPluginManager: Mounting plugin GitSourceControl
LogPluginManager: Mounting plugin KDevelopSourceCodeAccess
LogPluginManager: Mounting plugin NullSourceCodeAccess
LogPluginManager: Mounting plugin PerforceSourceControl
LogPluginManager: Mounting plugin SubversionSourceControl
LogPluginManager: Mounting plugin UObjectPlugin
LogPluginManager: Mounting plugin VisualStudioSourceCodeAccess
LogPluginManager: Mounting plugin XCodeSourceCodeAccess
LogPluginManager: Mounting plugin AssetManagerEditor
LogPluginManager: Mounting plugin AudioCapture
LogPluginManager: Mounting plugin FacialAnimation
LogPluginManager: Mounting plugin GameplayTagsEditor
LogPluginManager: Mounting plugin MobileLauncherProfileWizard
LogPluginManager: Mounting plugin PluginBrowser
LogPluginManager: Mounting plugin SpeedTreeImporter
LogPluginManager: Mounting plugin AlembicImporter
LogPluginManager: Mounting plugin CharacterAI
LogPluginManager: Mounting plugin HTML5Networking
LogPluginManager: Mounting plugin AndroidMedia
LogPluginManager: Mounting plugin AvfMedia
LogPluginManager: Mounting plugin MediaPlayerEditor
LogPluginManager: Mounting plugin WmfMedia
LogPluginManager: Mounting plugin TcpMessaging
LogPluginManager: Mounting plugin UdpMessaging
LogPluginManager: Mounting plugin LevelSequenceEditor
LogPluginManager: Mounting plugin MatineeToLevelSequence
LogPluginManager: Mounting plugin OnlineSubsystemGooglePlay
LogPluginManager: Mounting plugin OnlineSubsystemIOS
LogPluginManager: Mounting plugin OnlineSubsystem
LogPluginManager: Mounting plugin OnlineSubsystemNull
LogPluginManager: Mounting plugin OnlineSubsystemUtils
LogPluginManager: Mounting plugin AndroidDeviceProfileSelector
LogPluginManager: Mounting plugin AndroidMoviePlayer
LogPluginManager: Mounting plugin AndroidPermission
LogPluginManager: Mounting plugin AppleMoviePlayer
LogPluginManager: Mounting plugin ArchVisCharacter
LogPluginManager: Mounting plugin CableComponent
LogPluginManager: Mounting plugin CustomMeshComponent
LogPluginManager: Mounting plugin ExampleDeviceProfileSelector
LogPluginManager: Mounting plugin GoogleCloudMessaging
LogPluginManager: Mounting plugin ImmediatePhysics
LogPluginManager: Mounting plugin IOSDeviceProfileSelector
LogPluginManager: Mounting plugin LinuxDeviceProfileSelector
LogPluginManager: Mounting plugin LocationServicesBPLibrary
LogPluginManager: Mounting plugin MobilePatchingUtils
LogPluginManager: Mounting plugin OculusVR
LogPluginManager: Mounting plugin PhysXVehicles
LogPluginManager: Mounting plugin ProceduralMeshComponent
LogPluginManager: Mounting plugin RuntimePhysXCooking
LogPluginManager: Mounting plugin SteamVR
LogPluginManager: Mounting plugin WindowsMoviePlayer
LogInit: Using libcurl 7.47.1
LogInit:  - built for x86_64-pc-win32
LogInit:  - supports SSL with OpenSSL/1.0.2g
LogInit:  - supports HTTP deflate (compression) using libz 1.2.8
LogInit:  - other features:
LogInit:      CURL_VERSION_SSL
LogInit:      CURL_VERSION_LIBZ
LogInit:      CURL_VERSION_IPV6
LogInit:      CURL_VERSION_ASYNCHDNS
LogInit:      CURL_VERSION_LARGEFILE
LogInit:      CURL_VERSION_IDN
LogInit:  CurlRequestOptions (configurable via config and command line):
LogInit:  - bVerifyPeer = false  - Libcurl will NOT verify peer certificate
LogInit:  - bUseHttpProxy = false  - Libcurl will NOT use HTTP proxy
LogInit:  - bDontReuseConnections = false  - Libcurl will reuse connections
LogInit:  - CertBundlePath = nullptr  - Libcurl will use whatever was configured at build time.
LogInit: Build: ++UE4+Release-4.17-CL-3658906
LogInit: Engine Version: 4.17.2-3658906+++UE4+Release-4.17
LogInit: Compatible Engine Version: 4.17.0-3573198+++UE4+Release-4.17
LogInit: Net CL: 3573198
LogDevObjectVersion: Number of dev versions registered: 16
LogDevObjectVersion:   Dev-Blueprints (B0D832E4-1F89-4F0D-ACCF-7EB736FD4AA2): 10
LogDevObjectVersion:   Dev-Build (E1C64328-A22C-4D53-A36C-8E866417BD8C): 0
LogDevObjectVersion:   Dev-Core (375EC13C-06E4-48FB-B500-84F0262A717E): 2
LogDevObjectVersion:   Dev-Editor (E4B068ED-F494-42E9-A231-DA0B2E46BB41): 20
LogDevObjectVersion:   Dev-Framework (CFFC743F-43B0-4480-9391-14DF171D2073): 28
LogDevObjectVersion:   Dev-Mobile (B02B49B5-BB20-44E9-A304-32B752E40360): 0
LogDevObjectVersion:   Dev-Networking (A4E4105C-59A1-49B5-A7C5-40C4547EDFEE): 0
LogDevObjectVersion:   Dev-Online (39C831C9-5AE6-47DC-9A44-9C173E1C8E7C): 0
LogDevObjectVersion:   Dev-Physics (78F01B33-EBEA-4F98-B9B4-84EACCB95AA2): 0
LogDevObjectVersion:   Dev-Platform (6631380F-2D4D-43E0-8009-CF276956A95A): 0
LogDevObjectVersion:   Dev-Rendering (12F88B9F-8875-4AFC-A67C-D90C383ABD29): 19
LogDevObjectVersion:   Dev-Sequencer (7B5AE74C-D270-4C10-A958-57980B212A5A): 4
LogDevObjectVersion:   Dev-VR (D7296918-1DD6-4BDD-9DE2-64A83CC13884): 0
LogDevObjectVersion:   Dev-LoadTimes (C2A15278-BFE7-4AFE-6C17-90FF531DF755): 1
LogDevObjectVersion:   Private-Geometry (6EACA3D4-40EC-4CC1-B786-8BED09428FC5): 1
LogDevObjectVersion:   Dev-AnimPhys (29E575DD-E0A3-4627-9D10-D276232CDCEA): 7
LogInit: Compiled (64-bit): Sep 22 2017 13:47:16
LogInit: Compiled with Visual C++: 19.00.24215.01
LogInit: Build Configuration: Development
LogInit: Branch Name: ++UE4+Release-4.17
LogInit: Command line:  
LogInit: Base directory: D:/Development/Engines/UE_4.17/Engine/Binaries/Win64/
LogInit: Installed Engine Build: 1
LogInit: Presizing for max 8388607 objects, including 0 objects not considered by GC, pre-allocating 0 bytes for permanent pool.
LogInit: Object subsystem initialized
[2018.02.08-21.30.51:008][  0]LogInit: Selected Device Profile: [Windows]
[2018.02.08-21.30.51:008][  0]LogInit: Applying CVar settings loaded from the selected device profile: [Windows]
[2018.02.08-21.30.51:023][  0]LogInit: Computer: JANKOWSKI_II
[2018.02.08-21.30.51:023][  0]LogInit: User: Connor
[2018.02.08-21.30.51:023][  0]LogInit: CPU Page size=4096, Cores=4
[2018.02.08-21.30.51:023][  0]LogInit: High frequency timer resolution =3.906253 MHz
[2018.02.08-21.30.51:023][  0]LogMemory: Memory total: Physical=16.0GB (16GB approx)
[2018.02.08-21.30.51:023][  0]LogMemory: Platform Memory Stats for Windows
[2018.02.08-21.30.51:023][  0]LogMemory: Process Physical Memory: 278.64 MB used, 278.64 MB peak
[2018.02.08-21.30.51:023][  0]LogMemory: Process Virtual Memory: 282.30 MB used, 282.30 MB peak
[2018.02.08-21.30.51:023][  0]LogMemory: Physical Memory: 8226.15 MB used,  8106.73 MB free, 16332.88 MB total
[2018.02.08-21.30.51:023][  0]LogMemory: Virtual Memory: 677.05 MB used,  8106.73 MB free, 134217728.00 MB total
[2018.02.08-21.30.51:142][  0]LogInit: Using OS detected language (en-GB).
[2018.02.08-21.30.51:142][  0]LogInit: Using OS detected locale (en-GB).
[2018.02.08-21.30.51:146][  0]LogTextLocalizationManager: No specific localization for 'en-GB' exists, so the 'en' localization will be used.
[2018.02.08-21.30.51:832][  0]LogD3D11RHI: D3D11 adapters:
[2018.02.08-21.30.51:877][  0]LogD3D11RHI:    0. 'NVIDIA GeForce GTX 1080' (Feature Level 11_0)
[2018.02.08-21.30.51:877][  0]LogD3D11RHI:       8079/0/8166 MB DedicatedVideo/DedicatedSystem/SharedSystem, Outputs:2, VendorId:0x10de
[2018.02.08-21.30.51:879][  0]LogD3D11RHI:    1. 'Microsoft Basic Render Driver' (Feature Level 11_0)
[2018.02.08-21.30.51:879][  0]LogD3D11RHI:       0/0/8166 MB DedicatedVideo/DedicatedSystem/SharedSystem, Outputs:0, VendorId:0x1414
[2018.02.08-21.30.51:879][  0]LogD3D11RHI: Chosen D3D11 Adapter: 0
[2018.02.08-21.30.51:888][  0]LogD3D11RHI: Creating new Direct3DDevice
[2018.02.08-21.30.51:888][  0]LogD3D11RHI:     GPU DeviceId: 0x1b80 (for the marketing name, search the web for "GPU Device Id")
[2018.02.08-21.30.51:888][  0]LogWindows: EnumDisplayDevices:
[2018.02.08-21.30.51:888][  0]LogWindows:    0. 'NVIDIA GeForce GTX 1080' (P:1 D:1)
[2018.02.08-21.30.51:888][  0]LogWindows:    1. 'NVIDIA GeForce GTX 1080' (P:0 D:1)
[2018.02.08-21.30.51:888][  0]LogWindows:    2. 'NVIDIA GeForce GTX 1080' (P:0 D:0)
[2018.02.08-21.30.51:888][  0]LogWindows:    3. 'NVIDIA GeForce GTX 1080' (P:0 D:0)
[2018.02.08-21.30.51:888][  0]LogWindows: DebugString: FoundDriverCount:4 
[2018.02.08-21.30.51:888][  0]LogD3D11RHI:     Adapter Name: NVIDIA GeForce GTX 1080
[2018.02.08-21.30.51:888][  0]LogD3D11RHI:   Driver Version: 390.77 (internal:23.21.13.9077, unified:390.77)
[2018.02.08-21.30.51:888][  0]LogD3D11RHI:      Driver Date: 1-23-2018
[2018.02.08-21.30.51:888][  0]LogRHI: Texture pool is 1361 MB (70% of 1945 MB)
[2018.02.08-21.30.51:915][  0]LogD3D11RHI: Async texture creation enabled
[2018.02.08-21.30.51:930][  0]LogD3D11RHI: GPU Timing Frequency: 1000.000000 (Debug: 2 2)
[2018.02.08-21.30.52:021][  0]LogShaderCompilers: Guid format shader working directory is -1 characters bigger than the processId version (../../../../../Workin Projects/UE4Jam/OnThinIce/Intermediate/Shaders/WorkingDirectory/24916/).
[2018.02.08-21.30.52:021][  0]LogShaderCompilers: Cleaned the shader compiler working directory 'C:/Users/Connor/AppData/Local/Temp/UnrealShaderWorkingDir/F561EDBD4D58ECBEB887C1A95DEC45A9/'.
[2018.02.08-21.30.52:021][  0]LogShaderCompilers: Display: Using Local Shader Compiler.
[2018.02.08-21.30.52:927][  0]LogTemp: Display: Loaded TP AllDesktopTargetPlatform
[2018.02.08-21.30.52:969][  0]LogTemp: Display: Loaded TP MacClientTargetPlatform
[2018.02.08-21.30.53:010][  0]LogTemp: Display: Loaded TP MacNoEditorTargetPlatform
[2018.02.08-21.30.53:052][  0]LogTemp: Display: Loaded TP MacServerTargetPlatform
[2018.02.08-21.30.53:094][  0]LogTemp: Display: Loaded TP MacTargetPlatform
[2018.02.08-21.30.53:136][  0]LogTemp: Display: Loaded TP WindowsClientTargetPlatform
[2018.02.08-21.30.53:187][  0]LogTemp: Display: Loaded TP WindowsNoEditorTargetPlatform
[2018.02.08-21.30.53:234][  0]LogTemp: Display: Loaded TP WindowsServerTargetPlatform
[2018.02.08-21.30.53:271][  0]LogTemp: Display: Loaded TP WindowsTargetPlatform
[2018.02.08-21.30.53:315][  0]LogTemp: Display: Loaded TP AndroidTargetPlatform
[2018.02.08-21.30.53:355][  0]LogTemp: Display: Loaded TP Android_ASTCTargetPlatform
[2018.02.08-21.30.53:396][  0]LogTemp: Display: Loaded TP Android_ATCTargetPlatform
[2018.02.08-21.30.53:435][  0]LogTemp: Display: Loaded TP Android_DXTTargetPlatform
[2018.02.08-21.30.53:479][  0]LogTemp: Display: Loaded TP Android_ETC1TargetPlatform
[2018.02.08-21.30.53:522][  0]LogTemp: Display: Loaded TP Android_ETC2TargetPlatform
[2018.02.08-21.30.53:603][  0]LogTemp: Display: Loaded TP Android_MultiTargetPlatform
[2018.02.08-21.30.53:603][  0]LogTemp: Display: Loaded TP Android_PVRTCTargetPlatform
[2018.02.08-21.30.53:634][  0]LogTemp: Display: Loaded TP HTML5TargetPlatform
[2018.02.08-21.30.53:708][  0]LogTemp: Display: Loaded TP IOSTargetPlatform
[2018.02.08-21.30.53:730][  0]LogTemp: Display: Loaded TP TVOSTargetPlatform
[2018.02.08-21.30.53:772][  0]LogTemp: Display: Loaded TP LinuxClientTargetPlatform
[2018.02.08-21.30.53:811][  0]LogTemp: Display: Loaded TP LinuxNoEditorTargetPlatform
[2018.02.08-21.30.53:850][  0]LogTemp: Display: Loaded TP LinuxServerTargetPlatform
[2018.02.08-21.30.53:893][  0]LogTemp: Display: Loaded TP LinuxTargetPlatform
[2018.02.08-21.30.53:893][  0]LogTargetPlatformManager: Display: Building Assets For Windows
[2018.02.08-21.30.54:253][  0]LogDerivedDataCache: Display: Max Cache Size: 512 MB
[2018.02.08-21.30.54:364][  0]LogDerivedDataCache: Loaded boot cache 0.11s 93MB C:/Users/Connor/AppData/Local/UnrealEngine/4.17/DerivedDataCache/Boot.ddc.
[2018.02.08-21.30.54:364][  0]LogDerivedDataCache: Display: Loaded Boot cache: C:/Users/Connor/AppData/Local/UnrealEngine/4.17/DerivedDataCache/Boot.ddc
[2018.02.08-21.30.54:364][  0]LogDerivedDataCache: FDerivedDataBackendGraph:  Pak pak cache file ../../../../../Workin Projects/UE4Jam/OnThinIce/DerivedDataCache/DDC.ddp not found, will not use a pak cache.
[2018.02.08-21.30.54:364][  0]LogDerivedDataCache: Unable to find inner node Pak for hierarchical cache Hierarchy.
[2018.02.08-21.30.54:364][  0]LogDerivedDataCache: FDerivedDataBackendGraph:  CompressedPak pak cache file ../../../../../Workin Projects/UE4Jam/OnThinIce/DerivedDataCache/Compressed.ddp not found, will not use a pak cache.
[2018.02.08-21.30.54:364][  0]LogDerivedDataCache: Unable to find inner node CompressedPak for hierarchical cache Hierarchy.
[2018.02.08-21.30.54:380][  0]LogDerivedDataCache: Display: Pak cache opened for reading ../../../Engine/DerivedDataCache/Compressed.ddp.
[2018.02.08-21.30.54:392][  0]LogDerivedDataCache: Using Local data cache path C:/Users/Connor/AppData/Local/UnrealEngine/Common/DerivedDataCache: Writable
[2018.02.08-21.30.54:401][  0]LogMaterial: Verifying Global Shaders for PCD3D_SM5
[2018.02.08-21.30.54:402][  0]LogSlate: Using Freetype 2.6.0
[2018.02.08-21.30.54:402][  0]LogSlate: SlateFontCache - WITH_FREETYPE: 1, WITH_HARFBUZZ: 1
[2018.02.08-21.30.54:403][  0]LogSlate: SlateFontCache - WITH_FREETYPE: 1, WITH_HARFBUZZ: 1
[2018.02.08-21.30.54:657][  0]LogAssetRegistry: FAssetRegistry took 0.0252 seconds to start up
[2018.02.08-21.30.54:751][  0]LogInit: Selected Device Profile: [Windows]
[2018.02.08-21.30.54:895][  0]LogContentStreaming: Texture pool size is 0.00 MB
[2018.02.08-21.30.55:131][  0]LogSimplygon: Simplygon DLL not present - disabling.
[2018.02.08-21.30.55:161][  0]LogMeshReduction: Using SimplygonSwarm for distributed automatic mesh merging
[2018.02.08-21.30.55:161][  0]LogMeshReduction: Using QuadricMeshReduction for automatic static mesh reduction
[2018.02.08-21.30.55:161][  0]LogMeshReduction: No automatic skeletal mesh reduction module available
[2018.02.08-21.30.55:161][  0]LogMeshReduction: No automatic mesh merging module available
[2018.02.08-21.30.55:161][  0]LogMeshMerging: No automatic mesh merging module available
[2018.02.08-21.30.55:471][  0]LogNetVersion: OnThinIce , NetCL: 3573198, EngineNetVer: 2, GameNetVer: 0 (Checksum: 937893962)
[2018.02.08-21.30.55:667][  0]LogPackageLocalizationCache: Processed 5 localized package path(s) for 2 prioritized culture(s) in 0.062917 seconds
[2018.02.08-21.30.55:673][  0]LogUObjectArray: 35825 objects as part of root set at end of initial load.
[2018.02.08-21.30.55:673][  0]LogUObjectAllocator: 7529104 out of 0 bytes used by permanent object pool.
[2018.02.08-21.30.55:673][  0]LogUObjectArray: CloseDisregardForGC: 0/0 objects in disregard for GC pool
[2018.02.08-21.30.55:712][  0]LogInit: WinSock: version 1.1 (2.2), MaxSocks=32767, MaxUdp=65467
[2018.02.08-21.30.57:911][  0]LogTcpMessaging: Initializing TcpMessaging bridge
[2018.02.08-21.30.57:944][  0]LogUdpMessaging: Initializing bridge on interface 0.0.0.0:0 to multicast group 230.0.0.1:6666.
[2018.02.08-21.30.58:455][  0]LogMaterial: Uniform references updated for custom material expression Custom.
[2018.02.08-21.30.58:804][  0]SourceControl: Source control is disabled
[2018.02.08-21.30.59:936][  0]LogAndroidPermission: UAndroidPermissionCallbackProxy::GetInstance
[2018.02.08-21.31.00:145][  0]LogOcInput: OculusInput pre-init called
[2018.02.08-21.31.00:356][  0]LogEngine: Initializing Engine...
[2018.02.08-21.31.00:357][  0]LogHMD: Failed to initialize OpenVR with code 110
[2018.02.08-21.31.00:553][  0]LogStats: UGameplayTagsManager::ConstructGameplayTagTree: Construct from data asset -  0.000 s
[2018.02.08-21.31.00:553][  0]LogStats: UGameplayTagsManager::ConstructGameplayTagTree: GameplayTagTreeChangedEvent.Broadcast -  0.000 s
[2018.02.08-21.31.00:647][  0]LogAIModule: Creating AISystem for world Untitled
[2018.02.08-21.31.00:658][  0]LogInit: XAudio2 using 'Speakers (Realtek High Definition Audio)' : 6 channels at 48 kHz using 32 bits per sample (channel mask 0x60f)
[2018.02.08-21.31.00:673][  0]LogInit: FAudioDevice initialized.
[2018.02.08-21.31.01:278][  0]LogDerivedDataCache: Saved boot cache 0.60s 93MB C:/Users/Connor/AppData/Local/UnrealEngine/4.17/DerivedDataCache/Boot.ddc.
[2018.02.08-21.31.01:285][  0]LogInit: Texture streaming: Enabled
[2018.02.08-21.31.01:357][  0]LogEngineSessionManager: EngineSessionManager initialized
[2018.02.08-21.31.01:516][  0]LogInit: Transaction tracking system initialized
[2018.02.08-21.31.01:733][  0]BlueprintLog: New page: Editor Load
[2018.02.08-21.31.02:419][  0]LocalizationService: Localization service is disabled
[2018.02.08-21.31.02:933][  0]LogConsoleResponse: Display: 
[2018.02.08-21.31.03:090][  0]LogCook: Display: Max memory allowance for cook 16384mb min free memory 0mb
[2018.02.08-21.31.03:090][  0]LogCook: Display: Mobile HDR setting 1
[2018.02.08-21.31.03:091][  0]LogGameplayTags: Display: UGameplayTagsManager::DoneAddingNativeTags. DelegateIsBound: 0
[2018.02.08-21.31.03:877][  0]LogFileCache: Scanning file cache for directory 'D:/Development/Workin Projects/UE4Jam/OnThinIce/Content/' took 0.01s
[2018.02.08-21.31.03:912][  0]Cmd: MAP LOAD FILE="../../../Engine/Content/Maps/Templates/Template_Default.umap" TEMPLATE=1 SHOWPROGRESS=1 FEATURELEVEL=3
[2018.02.08-21.31.03:912][  0]LightingResults: New page: Lighting Build
[2018.02.08-21.31.03:943][  0]MapCheck: New page: Map Check
[2018.02.08-21.31.03:943][  0]LightingResults: New page: Lighting Build
[2018.02.08-21.31.04:106][  0]LogAIModule: Creating AISystem for world Untitled_1
[2018.02.08-21.31.04:111][  0]LogEditorServer: Finished looking for orphan Actors (0.000 secs)
[2018.02.08-21.31.04:123][  0]Cmd: MAP CHECKDEP NOCLEARLOG
[2018.02.08-21.31.04:176][  0]MapCheck: Map check complete: 0 Error(s), 0 Warning(s), took 52.811ms to complete.
[2018.02.08-21.31.04:176][  0]LogFileHelpers: Loading map 'Template_Default' took 0.264
[2018.02.08-21.31.04:357][  0]LogCollectionManager: Loaded 0 collections in 0.002193 seconds
[2018.02.08-21.31.04:438][  0]LogFileCache: Scanning file cache for directory 'D:/Development/Workin Projects/UE4Jam/OnThinIce/Saved/Collections/' took 0.01s
[2018.02.08-21.31.04:438][  0]LogFileCache: Scanning file cache for directory 'D:/Development/Workin Projects/UE4Jam/OnThinIce/Content/Developers/Connor/Collections/' took 0.01s
[2018.02.08-21.31.04:438][  0]LogFileCache: Scanning file cache for directory 'D:/Development/Workin Projects/UE4Jam/OnThinIce/Content/Collections/' took 0.01s
[2018.02.08-21.31.04:438][  0]LogCollectionManager: Rebuilt the GUID cache for 0 collections in 0.000001 seconds
[2018.02.08-21.31.04:447][  0]LogContentBrowser: Native class hierarchy populated in 0.0085 seconds. Added 2386 classes and 500 folders.
[2018.02.08-21.31.04:505][  0]LogContentBrowser: Native class hierarchy updated for 'WidgetCarousel' in 0.0008 seconds. Added 0 classes and 0 folders.
[2018.02.08-21.31.04:561][  0]LogContentBrowser: Native class hierarchy updated for 'AddContentDialog' in 0.0007 seconds. Added 0 classes and 0 folders.
[2018.02.08-21.31.04:595][  0]LogContentBrowser: Native class hierarchy updated for 'SceneOutliner' in 0.0007 seconds. Added 1 classes and 2 folders.
[2018.02.08-21.31.04:651][  0]LogSlate: Took 0.000376 seconds to synchronously load lazily loaded font '../../../Engine/Content/Slate/Fonts/Roboto-Regular.ttf' (155K)
[2018.02.08-21.31.04:653][  0]LogSlate: Took 0.000226 seconds to synchronously load lazily loaded font '../../../Engine/Content/Slate/Fonts/Roboto-Bold.ttf' (160K)
[2018.02.08-21.31.04:658][  0]LogSlate: Took 0.000281 seconds to synchronously load lazily loaded font '../../../Engine/Content/Editor/Slate/Fonts/FontAwesome.ttf' (139K)
[2018.02.08-21.31.04:741][  0]LogRenderer: Reallocating scene render targets to support 1616x836 Format 10 NumSamples 1 (Frame:1).
[2018.02.08-21.31.04:977][  0]LogContentBrowser: Native class hierarchy updated for 'HierarchicalLODOutliner' in 0.0007 seconds. Added 1 classes and 2 folders.
[2018.02.08-21.31.04:977][  0]LogLoad: (Engine Initialization) Total time: 15.51 seconds
[2018.02.08-21.31.04:977][  0]LogLoad: (Engine Initialization) Total Blueprint compile time: 0.00 seconds
[2018.02.08-21.31.04:978][  0]LogExternalProfiler: Found external profiler: VSPerf
[2018.02.08-21.31.04:978][  0]LogExternalProfiler: Using external profiler: VSPerf
[2018.02.08-21.31.04:988][  0]LogWindowsTextInputMethodSystem: Display: IME system now deactivated.
[2018.02.08-21.31.05:002][  0]LogAssetRegistry: Asset discovery search completed in 10.3676 seconds
[2018.02.08-21.31.05:004][  0]LogCollectionManager: Rebuilt the object cache for 0 collections in 0.000001 seconds (found 0 objects)
[2018.02.08-21.31.05:004][  0]LogCollectionManager: Fixed up redirectors for 0 collections in 0.000046 seconds (updated 0 objects)
[2018.02.08-21.31.05:006][  0]SourceControl: On branch master
[2018.02.08-21.31.05:006][  0]SourceControl: Your branch is up to date with 'origin/master'.
[2018.02.08-21.31.05:006][  0]SourceControl: Changes not staged for commit:
[2018.02.08-21.31.05:006][  0]SourceControl:   (use "git add <file>..." to update what will be committed)
[2018.02.08-21.31.05:006][  0]SourceControl:   (use "git checkout -- <file>..." to discard changes in working directory)
[2018.02.08-21.31.05:006][  0]SourceControl: 	modified:   OnThinIce/Intermediate/CachedAssetRegistry.bin
[2018.02.08-21.31.05:007][  0]SourceControl: 	modified:   OnThinIce/Saved/Config/Windows/Engine.ini
[2018.02.08-21.31.05:007][  0]SourceControl: 	modified:   OnThinIce/Saved/Logs/OnThinIce.log
[2018.02.08-21.31.05:007][  0]SourceControl: Untracked files:
[2018.02.08-21.31.05:007][  0]SourceControl:   (use "git add <file>..." to include in what will be committed)
[2018.02.08-21.31.05:007][  0]SourceControl: 	OnThinIce/Saved/AutoScreenshot.png
[2018.02.08-21.31.05:007][  0]SourceControl: 	OnThinIce/Saved/Autosaves/
[2018.02.08-21.31.05:007][  0]SourceControl: 	OnThinIce/Saved/Config/CrashReportClient/UE4CC-Windows-31EABE2248856CD2C198809D8E1E8D4A/
[2018.02.08-21.31.05:007][  0]SourceControl: 	OnThinIce/Saved/Config/Windows/SourceControlSettings.ini
[2018.02.08-21.31.05:007][  0]SourceControl: 	OnThinIce/Saved/Logs/OnThinIce-backup-2018.02.08-21.30.50.log
[2018.02.08-21.31.05:007][  0]SourceControl: no changes added to commit (use "git add" and/or "git commit -a")
[2018.02.08-21.31.05:007][  0]LogContentStreaming: Texture pool size now 1000 MB
